The following modules were not unloaded:
  (Use "module --force purge" to unload all):

  1) CCconfig         4) imkl/2020.1.217    7) libfabric/1.10.1
  2) gentoo/2020      5) intel/2020.1.217   8) openmpi/4.0.3
  3) gcccore/.9.3.0   6) ucx/1.8.0          9) StdEnv/2020
Restoring modules from user's Blocks_modules
perl: warning: Setting locale failed.
perl: warning: Please check that your locale settings:
	LANGUAGE = (unset),
	LC_ALL = (unset),
	LC_PAPER = "fr_FR.UTF-8",
	LC_ADDRESS = "fr_FR.UTF-8",
	LC_MONETARY = "fr_FR.UTF-8",
	LC_NUMERIC = "fr_FR.UTF-8",
	LC_TELEPHONE = "fr_FR.UTF-8",
	LC_IDENTIFICATION = "fr_FR.UTF-8",
	LC_MEASUREMENT = "fr_FR.UTF-8",
	LC_TIME = "fr_FR.UTF-8",
	LC_NAME = "fr_FR.UTF-8",
	LANG = "en_US.UTF-8"
    are supported and installed on your system.
perl: warning: Falling back to a fallback locale ("en_US.UTF-8").
