The following modules were not unloaded:
  (Use "module --force purge" to unload all):

  1) CCconfig         4) imkl/2020.1.217    7) libfabric/1.10.1
  2) gentoo/2020      5) intel/2020.1.217   8) openmpi/4.0.3
  3) gcccore/.9.3.0   6) ucx/1.8.0          9) StdEnv/2020
Restoring modules from user's Blocks_modules
Command line parse error: too many positional options have been specified on the command line

Correct usage:

Input:
  -r [ --receptor ] arg         rigid part of the receptor (PDBQT)
  --flex arg                    flexible side chains, if any (PDBQT)
  -l [ --ligand ] arg           ligand(s)
  --flexres arg                 flexible side chains specified by comma 
                                separated list of chain:resid or 
                                chain:resid:icode
  --flexdist_ligand arg         Ligand to use for flexdist
  --flexdist arg                set all side chains within specified distance 
                                to flexdist_ligand to flexible

Search space (required):
  --center_x arg                X coordinate of the center
  --center_y arg                Y coordinate of the center
  --center_z arg                Z coordinate of the center
  --size_x arg                  size in the X dimension (Angstroms)
  --size_y arg                  size in the Y dimension (Angstroms)
  --size_z arg                  size in the Z dimension (Angstroms)
  --autobox_ligand arg          Ligand to use for autobox
  --autobox_add arg             Amount of buffer space to add to auto-generated
                                box (default +4 on all six sides)
  --no_lig                      no ligand; for sampling/minimizing flexible 
                                residues

Scoring and minimization options:
  --scoring arg                 specify alternative builtin scoring function
  --custom_scoring arg          custom scoring function file
  --custom_atoms arg            custom atom type parameters file
  --score_only                  score provided ligand pose
  --local_only                  local search only using autobox (you probably 
                                want to use --minimize)
  --minimize                    energy minimization
  --randomize_only              generate random poses, attempting to avoid 
                                clashes
  --minimize_iters arg (=0)     number iterations of steepest descent; default 
                                scales with rotors and usually isn't sufficient
                                for convergence
  --accurate_line               use accurate line search
  --minimize_early_term         Stop minimization before convergence conditions
                                are fully met.
  --approximation arg           approximation (linear, spline, or exact) to use
  --factor arg                  approximation factor: higher results in a 
                                finer-grained approximation
  --force_cap arg               max allowed force; lower values more gently 
                                minimize clashing structures
  --user_grid arg               Autodock map file for user grid data based 
                                calculations
  --user_grid_lambda arg (=-1)  Scales user_grid and functional scoring
  --print_terms                 Print all available terms with default 
                                parameterizations
  --print_atom_types            Print all available atom types

Output (optional):
  -o [ --out ] arg              output file name, format taken from file 
                                extension
  --out_flex arg                output file for flexible receptor residues
  --log arg                     optionally, write log file
  --atom_terms arg              optionally write per-atom interaction term 
                                values
  --atom_term_data              embedded per-atom interaction terms in output 
                                sd data

Misc (optional):
  --cpu arg                     the number of CPUs to use (the default is to 
                                try to detect the number of CPUs or, failing 
                                that, use 1)
  --seed arg                    explicit random seed
  --exhaustiveness arg (=8)     exhaustiveness of the global search (roughly 
                                proportional to time)
  --num_modes arg (=9)          maximum number of binding modes to generate
  --energy_range arg (=3)       maximum energy difference between the best 
                                binding mode and the worst one displayed 
                                (kcal/mol)
  --min_rmsd_filter arg (=1)    rmsd value used to filter final poses to remove
                                redundancy
  -q [ --quiet ]                Suppress output messages
  --addH arg                    automatically add hydrogens in ligands (on by 
                                default)

Configuration file (optional):
  --config arg                  the above options can be put here

Information (optional):
  --help                        display usage summary
  --help_hidden                 display usage summary with hidden options
  --version                     display program version

Traceback (most recent call last):
  File "scripts/docking_pipeline.py", line 70, in <module>
    main(params)
  File "scripts/docking_pipeline.py", line 49, in main
    with open(output_path, 'r') as f:
FileNotFoundError: [Errno 2] No such file or directory: 'results/mol_mutations/celecoxib/celecoxib_3D_structure/structures_files/mol_42/mol_42_out.pdbqt'
