perl: warning: Setting locale failed.
perl: warning: Setting locale failed.
perl: warning: Setting locale failed.
perl: warning: Please check that your locale settings:
perl: warning: Please check that your locale settings:
perl: warning: Please check that your locale settings:
	LANGUAGE = (unset),
	LANGUAGE = (unset),
	LANGUAGE = (unset),
	LC_ALL = (unset),
	LC_ALL = (unset),
	LC_ALL = (unset),
	LC_PAPER = "fr_FR.UTF-8",
	LC_PAPER = "fr_FR.UTF-8",
	LC_PAPER = "fr_FR.UTF-8",
	LC_ADDRESS = "fr_FR.UTF-8",
	LC_ADDRESS = "fr_FR.UTF-8",
	LC_ADDRESS = "fr_FR.UTF-8",
	LC_MONETARY = "fr_FR.UTF-8",
	LC_MONETARY = "fr_FR.UTF-8",
	LC_MONETARY = "fr_FR.UTF-8",
	LC_NUMERIC = "fr_FR.UTF-8",
	LC_NUMERIC = "fr_FR.UTF-8",
	LC_NUMERIC = "fr_FR.UTF-8",
	LC_TELEPHONE = "fr_FR.UTF-8",
	LC_TELEPHONE = "fr_FR.UTF-8",
	LC_TELEPHONE = "fr_FR.UTF-8",
	LC_IDENTIFICATION = "fr_FR.UTF-8",
	LC_IDENTIFICATION = "fr_FR.UTF-8",
	LC_IDENTIFICATION = "fr_FR.UTF-8",
	LC_MEASUREMENT = "fr_FR.UTF-8",
	LC_MEASUREMENT = "fr_FR.UTF-8",
	LC_MEASUREMENT = "fr_FR.UTF-8",
	LC_TIME = "fr_FR.UTF-8",
	LC_TIME = "fr_FR.UTF-8",
	LC_TIME = "fr_FR.UTF-8",
	LC_NAME = "fr_FR.UTF-8",
	LC_NAME = "fr_FR.UTF-8",
	LC_NAME = "fr_FR.UTF-8",
	LANG = "en_US.UTF-8"
	LANG = "en_US.UTF-8"
	LANG = "en_US.UTF-8"
    are supported and installed on your system.
    are supported and installed on your system.
    are supported and installed on your system.
perl: warning: Falling back to a fallback locale ("en_US.UTF-8").
perl: warning: Falling back to a fallback locale ("en_US.UTF-8").
perl: warning: Falling back to a fallback locale ("en_US.UTF-8").
The following modules were not unloaded:
  (Use "module --force purge" to unload all):

  1) CCconfig         4) imkl/2020.1.217    7) libfabric/1.10.1
  2) gentoo/2020      5) intel/2020.1.217   8) openmpi/4.0.3
  3) gcccore/.9.3.0   6) ucx/1.8.0          9) StdEnv/2020
Restoring modules from user's Blocks_modules
1 molecule converted
perl: warning: Setting locale failed.
perl: warning: Please check that your locale settings:
	LANGUAGE = (unset),
	LC_ALL = (unset),
	LC_PAPER = "fr_FR.UTF-8",
	LC_ADDRESS = "fr_FR.UTF-8",
	LC_MONETARY = "fr_FR.UTF-8",
	LC_NUMERIC = "fr_FR.UTF-8",
	LC_TELEPHONE = "fr_FR.UTF-8",
	LC_IDENTIFICATION = "fr_FR.UTF-8",
	LC_MEASUREMENT = "fr_FR.UTF-8",
	LC_TIME = "fr_FR.UTF-8",
	LC_NAME = "fr_FR.UTF-8",
	LANG = "en_US.UTF-8"
    are supported and installed on your system.
perl: warning: Falling back to a fallback locale ("en_US.UTF-8").
slurmstepd: error: *** JOB 41881348 ON cdr528 CANCELLED AT 2022-08-12T20:55:14 DUE TO TIME LIMIT ***
slurmstepd: error: *** JOB 41881347 ON cdr734 CANCELLED AT 2022-08-12T20:55:14 DUE TO TIME LIMIT ***
slurmstepd: error: *** JOB 41881356 ON cdr686 CANCELLED AT 2022-08-12T20:55:15 DUE TO TIME LIMIT ***
1 molecule converted
1 molecule converted
1 molecule converted
1 molecule converted
1 molecule converted
1 molecule converted
1 molecule converted
1 molecule converted
1 molecule converted
1 molecule converted
1 molecule converted
1 molecule converted
1 molecule converted
1 molecule converted
1 molecule converted
1 molecule converted
1 molecule converted
1 molecule converted
1 molecule converted
1 molecule converted
1 molecule converted
1 molecule converted
1 molecule converted
1 molecule converted
1 molecule converted
1 molecule converted
1 molecule converted
1 molecule converted
1 molecule converted
1 molecule converted
1 molecule converted
1 molecule converted
1 molecule converted
1 molecule converted
1 molecule converted
1 molecule converted
1 molecule converted
1 molecule converted
1 molecule converted
1 molecule converted
1 molecule converted
1 molecule converted
1 molecule converted
1 molecule converted
1 molecule converted
1 molecule converted
1 molecule converted
1 molecule converted
1 molecule converted
1 molecule converted
1 molecule converted
slurmstepd: error: *** JOB 41882017 ON cdr574 CANCELLED AT 2022-08-12T21:09:10 DUE TO TIME LIMIT ***
slurmstepd: error: *** JOB 41882025 ON cdr550 CANCELLED AT 2022-08-12T21:09:10 DUE TO TIME LIMIT ***
slurmstepd: error: *** JOB 41882023 ON cdr596 CANCELLED AT 2022-08-12T21:09:10 DUE TO TIME LIMIT ***
slurmstepd: error: *** JOB 41882027 ON cdr603 CANCELLED AT 2022-08-12T21:09:10 DUE TO TIME LIMIT ***
slurmstepd: error: *** JOB 41882028 ON cdr768 CANCELLED AT 2022-08-12T21:09:10 DUE TO TIME LIMIT ***
slurmstepd: error: *** JOB 41836663 ON cdr1553 CANCELLED AT 2022-08-12T21:09:10 DUE TO TIME LIMIT ***
slurmstepd: error: *** JOB 41882019 ON cdr705 CANCELLED AT 2022-08-12T21:09:11 DUE TO TIME LIMIT ***
